<?xml version="1.0" encoding="UTF-8"?>
<beans
        xmlns="http://www.springframework.org/schema/beans"
        xmlns:context="http://www.springframework.org/schema/context"
        xmlns:xsi="http://www.w3.org/2001/XMLSchema-instance" xmlns:tx="http://www.springframework.org/schema/tx"

        xsi:schemaLocation="http://www.springframework.org/schema/beans
		http://www.springframework.org/schema/beans/spring-beans-3.0.xsd
		http://www.springframework.org/schema/context
		http://www.springframework.org/schema/context/spring-context-3.0.xsd http://www.springframework.org/schema/tx http://www.springframework.org/schema/tx/spring-tx.xsd">

    <context:annotation-config/>

    <context:property-placeholder location="classpath*:properties/test_db.properties"/>

    <context:component-scan base-package="com.accenture.flowershop.be"/>

    <bean id="dataSource" class="org.springframework.jdbc.datasource.DriverManagerDataSource">
        <property name="driverClassName" value="${test.jdbc.driverClassName}"/>
        <property name="url" value="${test.jdbc.url}"/>
        <property name="username" value="${test.jdbc.username}"/>
        <property name="password" value="${test.jdbc.password}"/>
    </bean>


    <bean id="entityManager" class="org.springframework.orm.jpa.LocalContainerEntityManagerFactoryBean">
        <property name="persistenceProviderClass"
                  value="org.springframework.orm.jpa.vendor.SpringHibernateJpaPersistenceProvider"/>
        <property name="dataSource" ref="dataSource"/>
        <property name="packagesToScan" value="com.accenture.flowershop.be.entity"/>
        <property name="jpaPropertyMap">
            <map>
                <entry key="hibernate.ddl-auto" value="${test.hibernate.ddl-auto}"/>
                <entry key="hibernate.dialect" value="${test.hibernate.dialect}"/>
            </map>
        </property>
    </bean>

    <bean id="transactionManager" class="org.springframework.orm.jpa.JpaTransactionManager">
        <property name="entityManagerFactory" ref="entityManager"/>
    </bean>

    <tx:annotation-driven/>
</beans>